<?xml version="1.0" encoding="UTF-8"?>
<!-- Generated by org.testng.reporters.JUnitXMLReporter -->
<testsuite hostname="DESKTOP-H1QP6PC" ignored="0" name="Login Page" tests="4" failures="0" timestamp="2021-05-10T21:29:13 IST" time="28.36" errors="0">
  <testcase name="bothCorrcet" time="14.125" classname="loginPage.Both_Correct"/>
  <testcase name="bothIncorrect" time="4.146" classname="loginPage.Both_Incorrect"/>
  <testcase name="correctPassword" time="5.924" classname="loginPage.Correct_Password"/>
  <testcase name="correctPassword" time="4.064" classname="loginPage.Correct_Username"/>
</testsuite> <!-- Login Page -->
